<?xml version="1.0" encoding="UTF-8"?>
<!-- Generated by org.testng.reporters.JUnitReportReporter -->
<testsuite skipped="4" hostname="LAPTOP-HID1OCBH" name="com.travel_app_automation.Tests.TestCases_CabRentals" tests="5" failures="0" timestamp="2022-12-29T12:38:37 IST" time="8.821" errors="0">
  <testcase name="cab_or_bus_option" time="8.821" classname="com.travel_app_automation.Tests.TestCases_CabRentals"/>
  <system-out/>
  <testcase name="outstation_cabRentals_SortedByprice" classname="com.travel_app_automation.Tests.TestCases_CabRentals">
    <skipped/>
  </testcase> <!-- outstation_cabRentals_SortedByprice -->
  <system-out/>
  <testcase name="cab_rentals_without_drop_loc" classname="com.travel_app_automation.Tests.TestCases_CabRentals">
    <skipped/>
  </testcase> <!-- cab_rentals_without_drop_loc -->
  <system-out/>
  <testcase name="outstation_cabRentalsPage_invalidDuration" classname="com.travel_app_automation.Tests.TestCases_CabRentals">
    <skipped/>
  </testcase> <!-- outstation_cabRentalsPage_invalidDuration -->
  <system-out/>
  <testcase name="outstation_cabRentalsPage" classname="com.travel_app_automation.Tests.TestCases_CabRentals">
    <skipped/>
  </testcase> <!-- outstation_cabRentalsPage -->
  <system-out/>
</testsuite> <!-- com.travel_app_automation.Tests.TestCases_CabRentals -->
