<?xml version="1.0" encoding="UTF-8"?>
<!-- Generated by org.testng.reporters.JUnitReportReporter -->
<testsuite skipped="0" hostname="LAPTOP-HID1OCBH" name="com.travel_app_automation.Tests.TestCases_CabRentals" tests="1" failures="0" timestamp="2022-11-17T23:01:12 IST" time="113.963" errors="0">
  <testcase name="outstation_cabRentalsPage" time="113.963" classname="com.travel_app_automation.Tests.TestCases_CabRentals"/>
  <system-out/>
</testsuite> <!-- com.travel_app_automation.Tests.TestCases_CabRentals -->
