<?xml version="1.0" encoding="UTF-8"?>
<!-- Generated by org.testng.reporters.JUnitReportReporter -->
<testsuite skipped="0" hostname="LAPTOP-HID1OCBH" name="com.travel_app_automation.Tests.TestCases_Set2" tests="1" failures="0" timestamp="2022-11-14T16:24:40 IST" time="59.903" errors="0">
  <testcase name="filters" time="59.903" classname="com.travel_app_automation.Tests.TestCases_Set2"/>
  <system-out/>
</testsuite> <!-- com.travel_app_automation.Tests.TestCases_Set2 -->
