<?xml version="1.0" encoding="UTF-8"?>
<!-- Generated by org.testng.reporters.JUnitReportReporter -->
<testsuite skipped="4" hostname="LAPTOP-HID1OCBH" name="com.travel_app_automation.Tests.TestCases" tests="5" failures="0" timestamp="2022-10-26T18:07:46 IST" time="22.191" errors="0">
  <testcase name="SearchBus" time="22.191" classname="com.travel_app_automation.Tests.TestCases"/>
  <system-out/>
  <testcase name="invalidRouteSearch" classname="com.travel_app_automation.Tests.TestCases">
    <skipped/>
  </testcase> <!-- invalidRouteSearch -->
  <system-out/>
  <testcase name="otp_login_while_viewing_seats" classname="com.travel_app_automation.Tests.TestCases">
    <skipped/>
  </testcase> <!-- otp_login_while_viewing_seats -->
  <system-out/>
  <testcase name="home_page_login" classname="com.travel_app_automation.Tests.TestCases">
    <skipped/>
  </testcase> <!-- home_page_login -->
  <system-out/>
  <testcase name="book_tickets" classname="com.travel_app_automation.Tests.TestCases">
    <skipped/>
  </testcase> <!-- book_tickets -->
  <system-out/>
</testsuite> <!-- com.travel_app_automation.Tests.TestCases -->
